{
  "timestamp": "2025-07-09T04:56:56.393003",
  "mode": "DEV",
  "tests_run": [
    "database_environment_binding",
    "server_alive",
    "workflow_menu",
    "profile_system"
  ],
  "tests_passed": 2,
  "tests_failed": 2,
  "details": {
    "database_environment_binding": {
      "dev_profiles": 32,
      "prod_profiles": 7,
      "dev_samples": [
        {
          "id": 1,
          "name": "Default Profile",
          "real_name": "Default User"
        },
        {
          "id": 2,
          "name": "AI_Test_Run_20250709_005344",
          "real_name": "AI Automation Test Session"
        }
      ],
      "prod_samples": [
        {
          "id": 1,
          "name": "Default Profile",
          "real_name": "Default User"
        },
        {
          "id": 2,
          "name": "Dress",
          "real_name": "David's Bridal"
        }
      ],
      "data_directory": "/home/mike/repos/pipulate/data"
    },
    "server_alive": {
      "status": "FAILED",
      "message": "Title mismatch: Botifython - Default Profile - \ud83d\udc65 Roles (Home)",
      "screenshot": "/home/mike/repos/pipulate/test_screenshots/failed_server_alive_20250709_045703.png"
    },
    "workflow_menu": {
      "status": "FAILED",
      "message": "Workflow menu test failed: Message: \nStacktrace:\nRemoteError@chrome://remote/content/shared/RemoteError.sys.mjs:8:8\nWebDriverError@chrome://remote/content/shared/webdriver/Errors.sys.mjs:199:5\nNoSuchElementError@chrome://remote/content/shared/webdriver/Errors.sys.mjs:552:5\ndom.find/</<@chrome://remote/content/shared/DOM.sys.mjs:136:16\n",
      "screenshot": "/home/mike/repos/pipulate/test_screenshots/failed_workflow_menu_20250709_045714.png"
    },
    "profile_system": {
      "status": "PASSED",
      "message": "Profile system accessible"
    }
  },
  "environment": {
    "python_version": "3.12.11 (main, Jun  3 2025, 15:41:47) [GCC 14.3.0]",
    "platform": "linux",
    "working_directory": "/home/mike/repos/pipulate",
    "test_file_location": "/home/mike/repos/pipulate/tests.py"
  }
}